<?xml version="1.0" encoding="UTF-8" ?>
<testsuites>
  <testsuite errors="0" failures="0" hostname="lindsey-fallows-macbook-pro.local" id="0" name="GuardedSignalCommandMapTests" package="org.robotlegs.base" skipped="0" tests="17" time="0.059" timestamp="2011-03-28T15:41:20">
      <testcase classname="org.robotlegs.base::GuardedSignalCommandMapTests" name="one_command_with_one_guard_fires_when_guard_gives_yes" time="0.012" />

      <testcase classname="org.robotlegs.base::GuardedSignalCommandMapTests" name="mapping_signal_class_with_fallback_executes_fallback_if_guard_disapproves" time="0.002" />

      <testcase classname="org.robotlegs.base::GuardedSignalCommandMapTests" name="GuardedSignalCommandMap_instance_is_IGuardedSignalCommandMap" time="0.011" />

      <testcase classname="org.robotlegs.base::GuardedSignalCommandMapTests" name="mapping_with_fallback_executes_fallback_if_guard_disapproves" time="0.001" />

      <testcase classname="org.robotlegs.base::GuardedSignalCommandMapTests" name="mapping_with_fallback_executes_first_choice_if_guard_approves" time="0.006" />

      <testcase classname="org.robotlegs.base::GuardedSignalCommandMapTests" name="one_command_with_two_guards_fires_if_both_say_yes" time="0.002" />

      <testcase classname="org.robotlegs.base::GuardedSignalCommandMapTests" name="one_command_with_one_guard_doesnt_fire_when_guard_gives_no" time="0.002" />

      <testcase classname="org.robotlegs.base::GuardedSignalCommandMapTests" name="one_command_with_two_guards_doesnt_fire_if_one_says_no" time="0.001" />

      <testcase classname="org.robotlegs.base::GuardedSignalCommandMapTests" name="mapping_signal_class_with_fallback_executes_first_choice_if_guard_approves" time="0.003" />

      <testcase classname="org.robotlegs.base::GuardedSignalCommandMapTests" name="command_doesnt_fire_if_double_injected_guard_says_no" time="0.002" />

      <testcase classname="org.robotlegs.base::GuardedSignalCommandMapTests" name="three_commands_with_different_guards_fire_correctly" time="0.001" />

      <testcase classname="org.robotlegs.base::GuardedSignalCommandMapTests" name="error_thrown_if_non_guards_provided_in_guard_value_argument" time="0.002" />

      <testcase classname="org.robotlegs.base::GuardedSignalCommandMapTests" name="error_thrown_if_non_guards_provided_in_guard_array_argument" time="0.002" />

      <testcase classname="org.robotlegs.base::GuardedSignalCommandMapTests" name="signal_values_passed_to_guards" time="0.010" />

      <testcase classname="org.robotlegs.base::GuardedSignalCommandMapTests" name="test_unmapping_stops_command_firing" time="0.000" />

      <testcase classname="org.robotlegs.base::GuardedSignalCommandMapTests" name="test_unmapping_and_remapping_with_guards_works_fine" time="0.001" />

      <testcase classname="org.robotlegs.base::GuardedSignalCommandMapTests" name="mapping_as_class_works_same_as_value" time="0.001" />

  </testsuite>
  <testsuite errors="0" failures="0" hostname="lindsey-fallows-macbook-pro.local" id="1" name="SignalCommandMapTests" package="org.robotlegs.base" skipped="0" tests="20" time="0.115" timestamp="2011-03-28T15:41:20">
      <testcase classname="org.robotlegs.base::SignalCommandMapTests" name="mapping_class_with_no_execute_throws_error" time="0.069" />

      <testcase classname="org.robotlegs.base::SignalCommandMapTests" name="mapping_signal_class_returns_instance" time="0.001" />

      <testcase classname="org.robotlegs.base::SignalCommandMapTests" name="mapping_signal_class_twice_returns_same_signal_instance" time="0.000" />

      <testcase classname="org.robotlegs.base::SignalCommandMapTests" name="signal_mapped_as_class_maps_signal_instance_with_injector" time="0.001" />

      <testcase classname="org.robotlegs.base::SignalCommandMapTests" name="map_signal_class_creates_command_mapping" time="0.001" />

      <testcase classname="org.robotlegs.base::SignalCommandMapTests" name="unmap_signal_class_removes_command_mapping" time="0.001" />

      <testcase classname="org.robotlegs.base::SignalCommandMapTests" name="SignalCommandMap_instance_is_ISignalCommandMap" time="0.000" />

      <testcase classname="org.robotlegs.base::SignalCommandMapTests" name="xml_signal_value_properly_injected_into_command" time="0.002" />

      <testcase classname="org.robotlegs.base::SignalCommandMapTests" name="mapping_signal_creates_command_mapping" time="0.001" />

      <testcase classname="org.robotlegs.base::SignalCommandMapTests" name="ArrayCollection_signal_value_properly_injected_into_command" time="0.011" />

      <testcase classname="org.robotlegs.base::SignalCommandMapTests" name="one_shot_command_only_executes_once" time="0.001" />

      <testcase classname="org.robotlegs.base::SignalCommandMapTests" name="uint_signal_value_properly_injected_into_command" time="0.001" />

      <testcase classname="org.robotlegs.base::SignalCommandMapTests" name="unmapping_signal_removes_command_mapping" time="0.001" />

      <testcase classname="org.robotlegs.base::SignalCommandMapTests" name="int_signal_value_properly_injected_into_command" time="0.002" />

      <testcase classname="org.robotlegs.base::SignalCommandMapTests" name="dispatch_signal_executes_command" time="0.001" />

      <testcase classname="org.robotlegs.base::SignalCommandMapTests" name="signal_values_no_longer_persist_from_one_to_the_next" time="0.003" />

      <testcase classname="org.robotlegs.base::SignalCommandMapTests" name="multiple_command_properties_values_are_injected" time="0.001" />

      <testcase classname="org.robotlegs.base::SignalCommandMapTests" name="command_can_be_executed_multiple_times" time="0.000" />

      <testcase classname="org.robotlegs.base::SignalCommandMapTests" name="command_receives_constructor_dependency_from_signal_dispatch" time="0.001" />

      <testcase classname="org.robotlegs.base::SignalCommandMapTests" name="command_receives_two_constructor_dependencies_from_signal_dispatch" time="0.017" />

  </testsuite>
  <testsuite errors="0" failures="0" hostname="lindsey-fallows-macbook-pro.local" id="2" name="SignalCommandTests" package="org.robotlegs.mvcs" skipped="0" tests="1" time="0.001" timestamp="2011-03-28T15:41:20">
      <testcase classname="org.robotlegs.mvcs::SignalCommandTests" name="signal_command_has_SignalCommandMap" time="0.001" />

  </testsuite>
  <testsuite errors="0" failures="0" hostname="lindsey-fallows-macbook-pro.local" id="3" name="SignalContextTests" package="org.robotlegs.mvcs" skipped="0" tests="4" time="0.090" timestamp="2011-03-28T15:41:20">
      <testcase classname="org.robotlegs.mvcs::SignalContextTests" name="contextView_roundtrips_through_constructor" time="0.080" />

      <testcase classname="org.robotlegs.mvcs::SignalContextTests" name="signal_is_injected_properly_into_injector_instantiated_class" time="0.008" />

      <testcase classname="org.robotlegs.mvcs::SignalContextTests" name="autoStartup_in_constructor_creates_listener_for_ADDED_TO_STAGE_on_contextView" time="0.001" />

      <testcase classname="org.robotlegs.mvcs::SignalContextTests" name="signal_context_has_SignalCommandMap" time="0.001" />

  </testsuite>
</testsuites>
